f:\zzz\c语言\c++\电商交易平台2\电商交易平台2\debug\vc142.pdb
f:\zzz\c语言\c++\电商交易平台2\电商交易平台2\debug\vc142.idb
f:\zzz\c语言\c++\电商交易平台2\电商交易平台2\debug\print.obj
f:\zzz\c语言\c++\电商交易平台2\电商交易平台2\debug\main.obj
f:\zzz\c语言\c++\电商交易平台2\电商交易平台2\debug\platform.obj
f:\zzz\c语言\c++\电商交易平台2\电商交易平台2\debug\goods.obj
f:\zzz\c语言\c++\电商交易平台2\电商交易平台2\debug\consumer.obj
f:\zzz\c语言\c++\电商交易平台2\电商交易平台2\debug\shopcard.obj
f:\zzz\c语言\c++\电商交易平台2\电商交易平台2\debug\merchant.obj
f:\zzz\c语言\c++\电商交易平台2\电商交易平台2\debug\food.obj
f:\zzz\c语言\c++\电商交易平台2\电商交易平台2\debug\clothes.obj
f:\zzz\c语言\c++\电商交易平台2\电商交易平台2\debug\book.obj
f:\zzz\c语言\c++\电商交易平台2\电商交易平台2\debug\account.obj
f:\zzz\c语言\c++\综合实验2-2019211424-胡敏臻\电商交易平台2\debug\vc142.pdb
f:\zzz\c语言\c++\综合实验2-2019211424-胡敏臻\电商交易平台2\debug\vc142.idb
f:\zzz\c语言\c++\综合实验2-2019211424-胡敏臻\电商交易平台2\debug\shopcard.obj
f:\zzz\c语言\c++\综合实验2-2019211424-胡敏臻\电商交易平台2\debug\print.obj
f:\zzz\c语言\c++\综合实验2-2019211424-胡敏臻\电商交易平台2\debug\platform.obj
f:\zzz\c语言\c++\综合实验2-2019211424-胡敏臻\电商交易平台2\debug\merchant.obj
f:\zzz\c语言\c++\综合实验2-2019211424-胡敏臻\电商交易平台2\debug\main.obj
f:\zzz\c语言\c++\综合实验2-2019211424-胡敏臻\电商交易平台2\debug\goods.obj
f:\zzz\c语言\c++\综合实验2-2019211424-胡敏臻\电商交易平台2\debug\food.obj
f:\zzz\c语言\c++\综合实验2-2019211424-胡敏臻\电商交易平台2\debug\consumer.obj
f:\zzz\c语言\c++\综合实验2-2019211424-胡敏臻\电商交易平台2\debug\clothes.obj
f:\zzz\c语言\c++\综合实验2-2019211424-胡敏臻\电商交易平台2\debug\book.obj
f:\zzz\c语言\c++\综合实验2-2019211424-胡敏臻\电商交易平台2\debug\account.obj
f:\zzz\c语言\c++\电商交易平台2\debug\电商交易平台2.exe
f:\zzz\c语言\c++\电商交易平台2\debug\电商交易平台2.ilk
f:\zzz\c语言\c++\电商交易平台2\debug\电商交易平台2.pdb
f:\zzz\c语言\c++\综合实验2-2019211424-胡敏臻\debug\电商交易平台2.exe
f:\zzz\c语言\c++\综合实验2-2019211424-胡敏臻\debug\电商交易平台2.ilk
f:\zzz\c语言\c++\综合实验2-2019211424-胡敏臻\debug\电商交易平台2.pdb
f:\zzz\c语言\c++\综合实验2-2019211424-胡敏臻\电商交易平台2\debug\电商交易平台2.tlog\cl.command.1.tlog
f:\zzz\c语言\c++\综合实验2-2019211424-胡敏臻\电商交易平台2\debug\电商交易平台2.tlog\cl.read.1.tlog
f:\zzz\c语言\c++\综合实验2-2019211424-胡敏臻\电商交易平台2\debug\电商交易平台2.tlog\cl.write.1.tlog
f:\zzz\c语言\c++\综合实验2-2019211424-胡敏臻\电商交易平台2\debug\电商交易平台2.tlog\link.command.1.tlog
f:\zzz\c语言\c++\综合实验2-2019211424-胡敏臻\电商交易平台2\debug\电商交易平台2.tlog\link.read.1.tlog
f:\zzz\c语言\c++\综合实验2-2019211424-胡敏臻\电商交易平台2\debug\电商交易平台2.tlog\link.write.1.tlog
