f:\zzz\c语言\c++\综合实验1-2019211424-胡敏臻\电商交易平台\debug\vc142.pdb
f:\zzz\c语言\c++\综合实验1-2019211424-胡敏臻\电商交易平台\debug\vc142.idb
f:\zzz\c语言\c++\综合实验1-2019211424-胡敏臻\电商交易平台\debug\print.obj
f:\zzz\c语言\c++\综合实验1-2019211424-胡敏臻\电商交易平台\debug\platform.obj
f:\zzz\c语言\c++\综合实验1-2019211424-胡敏臻\电商交易平台\debug\merchant.obj
f:\zzz\c语言\c++\综合实验1-2019211424-胡敏臻\电商交易平台\debug\main.obj
f:\zzz\c语言\c++\综合实验1-2019211424-胡敏臻\电商交易平台\debug\goods.obj
f:\zzz\c语言\c++\综合实验1-2019211424-胡敏臻\电商交易平台\debug\food.obj
f:\zzz\c语言\c++\综合实验1-2019211424-胡敏臻\电商交易平台\debug\consumer.obj
f:\zzz\c语言\c++\综合实验1-2019211424-胡敏臻\电商交易平台\debug\clothes.obj
f:\zzz\c语言\c++\综合实验1-2019211424-胡敏臻\电商交易平台\debug\book.obj
f:\zzz\c语言\c++\综合实验1-2019211424-胡敏臻\电商交易平台\debug\account.obj
f:\zzz\c语言\c++\综合实验1-2019211424-胡敏臻\debug\电商交易平台.ilk
f:\zzz\c语言\c++\综合实验1-2019211424-胡敏臻\debug\电商交易平台.exe
f:\zzz\c语言\c++\综合实验1-2019211424-胡敏臻\debug\电商交易平台.pdb
f:\zzz\c语言\c++\综合实验1-2019211424-胡敏臻\电商交易平台\debug\电商交易平台.tlog\cl.command.1.tlog
f:\zzz\c语言\c++\综合实验1-2019211424-胡敏臻\电商交易平台\debug\电商交易平台.tlog\cl.read.1.tlog
f:\zzz\c语言\c++\综合实验1-2019211424-胡敏臻\电商交易平台\debug\电商交易平台.tlog\cl.write.1.tlog
f:\zzz\c语言\c++\综合实验1-2019211424-胡敏臻\电商交易平台\debug\电商交易平台.tlog\link.command.1.tlog
f:\zzz\c语言\c++\综合实验1-2019211424-胡敏臻\电商交易平台\debug\电商交易平台.tlog\link.read.1.tlog
f:\zzz\c语言\c++\综合实验1-2019211424-胡敏臻\电商交易平台\debug\电商交易平台.tlog\link.write.1.tlog
