f:\zzz\c语言\c++\综合实验3-2019211424-胡敏臻\电商交易平台3serve\电商交易平台3\debug\vc142.pdb
f:\zzz\c语言\c++\综合实验3-2019211424-胡敏臻\电商交易平台3serve\电商交易平台3\debug\vc142.idb
f:\zzz\c语言\c++\综合实验3-2019211424-胡敏臻\电商交易平台3serve\电商交易平台3\debug\shopcard.obj
f:\zzz\c语言\c++\综合实验3-2019211424-胡敏臻\电商交易平台3serve\电商交易平台3\debug\serve.obj
f:\zzz\c语言\c++\综合实验3-2019211424-胡敏臻\电商交易平台3serve\电商交易平台3\debug\print.obj
f:\zzz\c语言\c++\综合实验3-2019211424-胡敏臻\电商交易平台3serve\电商交易平台3\debug\platform.obj
f:\zzz\c语言\c++\综合实验3-2019211424-胡敏臻\电商交易平台3serve\电商交易平台3\debug\merchant.obj
f:\zzz\c语言\c++\综合实验3-2019211424-胡敏臻\电商交易平台3serve\电商交易平台3\debug\main.obj
f:\zzz\c语言\c++\综合实验3-2019211424-胡敏臻\电商交易平台3serve\电商交易平台3\debug\goods.obj
f:\zzz\c语言\c++\综合实验3-2019211424-胡敏臻\电商交易平台3serve\电商交易平台3\debug\food.obj
f:\zzz\c语言\c++\综合实验3-2019211424-胡敏臻\电商交易平台3serve\电商交易平台3\debug\consumer.obj
f:\zzz\c语言\c++\综合实验3-2019211424-胡敏臻\电商交易平台3serve\电商交易平台3\debug\clothes.obj
f:\zzz\c语言\c++\综合实验3-2019211424-胡敏臻\电商交易平台3serve\电商交易平台3\debug\book.obj
f:\zzz\c语言\c++\综合实验3-2019211424-胡敏臻\电商交易平台3serve\电商交易平台3\debug\account.obj
f:\zzz\c语言\c++\综合实验3-2019211424-胡敏臻\电商交易平台3serve\debug\电商交易平台3.ilk
f:\zzz\c语言\c++\综合实验3-2019211424-胡敏臻\电商交易平台3serve\debug\电商交易平台3.exe
f:\zzz\c语言\c++\综合实验3-2019211424-胡敏臻\电商交易平台3serve\debug\电商交易平台3.pdb
f:\zzz\c语言\c++\综合实验3-2019211424-胡敏臻\电商交易平台3serve\电商交易平台3\debug\电商交易平台3.tlog\cl.command.1.tlog
f:\zzz\c语言\c++\综合实验3-2019211424-胡敏臻\电商交易平台3serve\电商交易平台3\debug\电商交易平台3.tlog\cl.read.1.tlog
f:\zzz\c语言\c++\综合实验3-2019211424-胡敏臻\电商交易平台3serve\电商交易平台3\debug\电商交易平台3.tlog\cl.write.1.tlog
f:\zzz\c语言\c++\综合实验3-2019211424-胡敏臻\电商交易平台3serve\电商交易平台3\debug\电商交易平台3.tlog\link.command.1.tlog
f:\zzz\c语言\c++\综合实验3-2019211424-胡敏臻\电商交易平台3serve\电商交易平台3\debug\电商交易平台3.tlog\link.read.1.tlog
f:\zzz\c语言\c++\综合实验3-2019211424-胡敏臻\电商交易平台3serve\电商交易平台3\debug\电商交易平台3.tlog\link.write.1.tlog
