f:\zzz\c语言\socket通信\client\client\debug\vc142.pdb
f:\zzz\c语言\socket通信\client\client\debug\vc142.idb
f:\zzz\c语言\socket通信\client\client\debug\main.obj
f:\zzz\c语言\c++\电商平台交易3client\client\debug\vc142.pdb
f:\zzz\c语言\c++\电商平台交易3client\client\debug\vc142.idb
f:\zzz\c语言\c++\电商平台交易3client\client\debug\main.obj
f:\zzz\c语言\c++\综合实验3-2019211424-胡敏臻\电商平台交易3client\client\debug\vc142.pdb
f:\zzz\c语言\c++\综合实验3-2019211424-胡敏臻\电商平台交易3client\client\debug\vc142.idb
f:\zzz\c语言\c++\综合实验3-2019211424-胡敏臻\电商平台交易3client\client\debug\main.obj
f:\zzz\c语言\socket通信\client\debug\client.exe
f:\zzz\c语言\socket通信\client\debug\client.ilk
f:\zzz\c语言\socket通信\client\debug\client.pdb
f:\zzz\c语言\c++\电商平台交易3client\debug\client.exe
f:\zzz\c语言\c++\电商平台交易3client\debug\client.ilk
f:\zzz\c语言\c++\电商平台交易3client\debug\client.pdb
f:\zzz\c语言\c++\综合实验3-2019211424-胡敏臻\电商平台交易3client\debug\client.exe
f:\zzz\c语言\c++\综合实验3-2019211424-胡敏臻\电商平台交易3client\debug\client.ilk
f:\zzz\c语言\c++\综合实验3-2019211424-胡敏臻\电商平台交易3client\debug\client.pdb
f:\zzz\c语言\c++\综合实验3-2019211424-胡敏臻\电商平台交易3client\client\debug\print.obj
f:\zzz\c语言\c++\综合实验3-2019211424-胡敏臻\电商平台交易3client\client\debug\client.tlog\cl.command.1.tlog
f:\zzz\c语言\c++\综合实验3-2019211424-胡敏臻\电商平台交易3client\client\debug\client.tlog\cl.read.1.tlog
f:\zzz\c语言\c++\综合实验3-2019211424-胡敏臻\电商平台交易3client\client\debug\client.tlog\cl.write.1.tlog
f:\zzz\c语言\c++\综合实验3-2019211424-胡敏臻\电商平台交易3client\client\debug\client.tlog\link.command.1.tlog
f:\zzz\c语言\c++\综合实验3-2019211424-胡敏臻\电商平台交易3client\client\debug\client.tlog\link.read.1.tlog
f:\zzz\c语言\c++\综合实验3-2019211424-胡敏臻\电商平台交易3client\client\debug\client.tlog\link.write.1.tlog
